<?xml version="1.0" encoding="utf-8" standalone="no"?>
<!--This file represents the results of running a test suite-->
<test-results name="..\CodeBreakerKata\bin\Debug\CodeBreakerKata.dll" total="12" errors="0" failures="0" not-run="0" inconclusive="0" ignored="0" skipped="0" invalid="0" date="2010-07-04" time="08:50:59">
  <environment nunit-version="2.5.5.10112" clr-version="2.0.50727.4927" os-version="Microsoft Windows NT 6.1.7600.0" platform="Win32NT" cwd="C:\Users\Tonino\Documents\Visual Studio 2008\Projects\codebreakerkataant\output" machine-name="TONINO-PC" user="Tonino" user-domain="Tonino-PC" />
  <culture-info current-culture="it-IT" current-uiculture="it-IT" />
  <test-suite type="Assembly" name="..\CodeBreakerKata\bin\Debug\CodeBreakerKata.dll" executed="True" result="Success" success="True" time="0.076" asserts="0">
    <results>
      <test-suite type="Namespace" name="CodeBreakerKata" executed="True" result="Success" success="True" time="0.067" asserts="0">
        <results>
          <test-suite type="TestFixture" name="TestMakingGuess" executed="True" result="Success" success="True" time="0.066" asserts="0">
            <results>
              <test-suite type="ParameterizedTest" name="TestMark" executed="True" result="Success" success="True" time="0.050" asserts="0">
                <results>
                  <test-case name="CodeBreakerKata.TestMakingGuess.TestMark(&quot;pm&quot;,&quot;ryxx&quot;,&quot;rgby&quot;)" executed="True" result="Success" success="True" time="0.034" asserts="2" />
                  <test-case name="CodeBreakerKata.TestMakingGuess.TestMark(&quot;m&quot;,&quot;xyxx&quot;,&quot;rgby&quot;)" executed="True" result="Success" success="True" time="0.000" asserts="2" />
                  <test-case name="CodeBreakerKata.TestMakingGuess.TestMark(&quot;m&quot;,&quot;yxxx&quot;,&quot;rgby&quot;)" executed="True" result="Success" success="True" time="0.000" asserts="2" />
                  <test-case name="CodeBreakerKata.TestMakingGuess.TestMark(&quot;m&quot;,&quot;xxxb&quot;,&quot;rgby&quot;)" executed="True" result="Success" success="True" time="0.000" asserts="2" />
                  <test-case name="CodeBreakerKata.TestMakingGuess.TestMark(&quot;mm&quot;,&quot;yxxb&quot;,&quot;rgby&quot;)" executed="True" result="Success" success="True" time="0.000" asserts="2" />
                  <test-case name="CodeBreakerKata.TestMakingGuess.TestMark(&quot;mm&quot;,&quot;yyxb&quot;,&quot;rgby&quot;)" executed="True" result="Success" success="True" time="0.000" asserts="2" />
                  <test-case name="CodeBreakerKata.TestMakingGuess.TestMark(&quot;p&quot;,&quot;rxxx&quot;,&quot;rgby&quot;)" executed="True" result="Success" success="True" time="0.000" asserts="2" />
                  <test-case name="CodeBreakerKata.TestMakingGuess.TestMark(&quot;m&quot;,&quot;xxyx&quot;,&quot;rgby&quot;)" executed="True" result="Success" success="True" time="0.000" asserts="2" />
                  <test-case name="CodeBreakerKata.TestMakingGuess.TestMark(&quot;pm&quot;,&quot;ryyx&quot;,&quot;rgby&quot;)" executed="True" result="Success" success="True" time="0.000" asserts="2" />
                  <test-case name="CodeBreakerKata.TestMakingGuess.TestMark(&quot;pp&quot;,&quot;ryyy&quot;,&quot;rgby&quot;)" executed="True" result="Success" success="True" time="0.000" asserts="2" />
                  <test-case name="CodeBreakerKata.TestMakingGuess.TestMark(&quot;&quot;,&quot;xxxx&quot;,&quot;rgby&quot;)" executed="True" result="Success" success="True" time="0.000" asserts="2" />
                </results>
              </test-suite>
              <test-suite type="ParameterizedTest" name="TestPositionalmatch" executed="True" result="Success" success="True" time="0.000" asserts="0">
                <results>
                  <test-case name="CodeBreakerKata.TestMakingGuess.TestPositionalmatch(&quot;p&quot;,&quot;rxxx&quot;,&quot;rgby&quot;)" executed="True" result="Success" success="True" time="0.000" asserts="2" />
                </results>
              </test-suite>
            </results>
          </test-suite>
        </results>
      </test-suite>
    </results>
  </test-suite>
</test-results>